<?xml version="1.0" encoding="UTF-8"?>
<!-- Generated by org.testng.reporters.JUnitReportReporter -->
<testsuite hostname="Buddy" failures="0" tests="3" name="day1_18032025.OrrangeHRM_Annotation" time="14.263" errors="0" timestamp="2025-03-19T20:03:26 IST" skipped="0">
  <testcase classname="day1_18032025.OrrangeHRM_Annotation" name="login" time="2.386"/>
  <testcase classname="day1_18032025.OrrangeHRM_Annotation" name="verifyHomePage" time="3.896"/>
  <testcase classname="day1_18032025.OrrangeHRM_Annotation" name="logout" time="7.981"/>
</testsuite> <!-- day1_18032025.OrrangeHRM_Annotation -->
