<?xml version="1.0" encoding="UTF-8"?>
<!-- Generated by org.testng.reporters.JUnitReportReporter -->
<testsuite hostname="Buddy" failures="0" tests="2" name="day1_18032025.AnnotationDemo" time="0.010" errors="0" timestamp="2025-03-19T19:08:03 IST" skipped="0">
  <testcase classname="day1_18032025.AnnotationDemo" name="test1" time="0.007"/>
  <testcase classname="day1_18032025.AnnotationDemo" name="test2" time="0.003"/>
</testsuite> <!-- day1_18032025.AnnotationDemo -->
