<?xml version="1.0" encoding="UTF-8"?>
<!-- Generated by org.testng.reporters.JUnitReportReporter -->
<testsuite hostname="Buddy" failures="0" tests="2" name="day5_24032025.GroupDemo" time="0.012" errors="0" timestamp="2025-04-22T20:12:43 IST" skipped="0">
  <testcase classname="day5_24032025.GroupDemo" name="test1" time="0.010"/>
  <testcase classname="day5_24032025.GroupDemo" name="test8" time="0.002"/>
</testsuite> <!-- day5_24032025.GroupDemo -->
