<?xml version="1.0" encoding="UTF-8"?>
<!-- Generated by org.testng.reporters.JUnitReportReporter -->
<testsuite hostname="Buddy" failures="0" tests="1" name="day6.CallingPOM" time="21.008" errors="0" timestamp="2025-04-01T13:38:09 IST" skipped="0">
  <testcase classname="day6.CallingPOM" name="executionMethod" time="21.008"/>
</testsuite> <!-- day6.CallingPOM -->
