<?xml version="1.0" encoding="UTF-8"?>
<!-- Generated by org.testng.reporters.JUnitReportReporter -->
<testsuite hostname="Buddy" failures="0" tests="9" name="day5_24032025.GroupDemo" time="0.029" errors="0" timestamp="2025-04-01T10:25:02 IST" skipped="0">
  <testcase classname="day5_24032025.GroupDemo" name="test8" time="0.002"/>
  <testcase classname="day5_24032025.GroupDemo" name="test7" time="0.003"/>
  <testcase classname="day5_24032025.GroupDemo" name="test5" time="0.002"/>
  <testcase classname="day5_24032025.GroupDemo" name="test6" time="0.003"/>
  <testcase classname="day5_24032025.GroupDemo" name="test3" time="0.002"/>
  <testcase classname="day5_24032025.GroupDemo" name="test2" time="0.001"/>
  <testcase classname="day5_24032025.GroupDemo" name="test9" time="0.003"/>
  <testcase classname="day5_24032025.GroupDemo" name="test1" time="0.010"/>
  <testcase classname="day5_24032025.GroupDemo" name="test4" time="0.003"/>
</testsuite> <!-- day5_24032025.GroupDemo -->
