<?xml version="1.0" encoding="UTF-8"?>
<!-- Generated by org.testng.reporters.JUnitReportReporter -->
<testsuite hostname="Buddy" failures="0" tests="3" name="day3_20032025.DataProviderDemo" time="67.592" errors="0" timestamp="2025-03-27T22:40:52 IST" skipped="0">
  <testcase classname="day3_20032025.DataProviderDemo" name="searchMobile" time="32.286"/>
  <testcase classname="day3_20032025.DataProviderDemo" name="searchMobile" time="17.890"/>
  <testcase classname="day3_20032025.DataProviderDemo" name="searchMobile" time="17.416"/>
</testsuite> <!-- day3_20032025.DataProviderDemo -->
