<?xml version="1.0" encoding="UTF-8"?>
<!-- Generated by org.testng.reporters.JUnitReportReporter -->
<testsuite hostname="Buddy" failures="0" tests="1" name="day5_24032025.CrossBrowserTestDemo" time="58.444" errors="0" timestamp="2025-04-01T10:26:25 IST" skipped="0">
  <testcase classname="day5_24032025.CrossBrowserTestDemo" name="launchBrowser" time="58.444"/>
</testsuite> <!-- day5_24032025.CrossBrowserTestDemo -->
